<?xml version="1.0" encoding="UTF-8" standalone="yes"?>
<!DOCTYPE report PUBLIC "-//JACOCO//DTD Report 1.1//EN" "report.dtd">
<report name="sample-project">
    <package name="com/example/app">
        <class name="com/example/app/StringUtils" sourcefilename="StringUtils.java">
            <method name="&lt;init&gt;" desc="()V" line="3">
                <counter type="INSTRUCTION" missed="0" covered="3"/>
                <counter type="LINE" missed="0" covered="1"/>
                <counter type="COMPLEXITY" missed="0" covered="1"/>
                <counter type="METHOD" missed="0" covered="1"/>
            </method>
            <method name="isEmpty" desc="(Ljava/lang/String;)Z" line="6">
                <counter type="INSTRUCTION" missed="0" covered="5"/>
                <counter type="BRANCH" missed="0" covered="2"/>
                <counter type="LINE" missed="0" covered="2"/>
                <counter type="COMPLEXITY" missed="0" covered="2"/>
                <counter type="METHOD" missed="0" covered="1"/>
            </method>
            <method name="reverse" desc="(Ljava/lang/String;)Ljava/lang/String;" line="11">
                <counter type="INSTRUCTION" missed="0" covered="12"/>
                <counter type="BRANCH" missed="0" covered="2"/>
                <counter type="LINE" missed="0" covered="4"/>
                <counter type="COMPLEXITY" missed="0" covered="2"/>
                <counter type="METHOD" missed="0" covered="1"/>
            </method>
            <method name="capitalize" desc="(Ljava/lang/String;)Ljava/lang/String;" line="18">
                <counter type="INSTRUCTION" missed="8" covered="0"/>
                <counter type="BRANCH" missed="2" covered="0"/>
                <counter type="LINE" missed="3" covered="0"/>
                <counter type="COMPLEXITY" missed="2" covered="0"/>
                <counter type="METHOD" missed="1" covered="0"/>
            </method>
            <counter type="INSTRUCTION" missed="8" covered="20"/>
            <counter type="BRANCH" missed="2" covered="4"/>
            <counter type="LINE" missed="3" covered="7"/>
            <counter type="COMPLEXITY" missed="2" covered="5"/>
            <counter type="METHOD" missed="1" covered="3"/>
            <counter type="CLASS" missed="0" covered="1"/>
        </class>
        <sourcefile name="StringUtils.java">
            <line nr="3" mi="0" ci="3" mb="0" cb="0"/>
            <line nr="6" mi="0" ci="2" mb="0" cb="2"/>
            <line nr="7" mi="0" ci="3" mb="0" cb="0"/>
            <line nr="11" mi="0" ci="2" mb="0" cb="2"/>
            <line nr="12" mi="0" ci="5" mb="0" cb="0"/>
            <line nr="13" mi="0" ci="3" mb="0" cb="0"/>
            <line nr="14" mi="0" ci="2" mb="0" cb="0"/>
            <line nr="18" mi="0" ci="0" mb="2" cb="0"/>
            <line nr="19" mi="5" ci="0" mb="0" cb="0"/>
            <line nr="21" mi="3" ci="0" mb="0" cb="0"/>
            <counter type="INSTRUCTION" missed="8" covered="20"/>
            <counter type="BRANCH" missed="2" covered="4"/>
            <counter type="LINE" missed="3" covered="7"/>
            <counter type="COMPLEXITY" missed="2" covered="5"/>
            <counter type="METHOD" missed="1" covered="3"/>
            <counter type="CLASS" missed="0" covered="1"/>
        </sourcefile>
        <counter type="INSTRUCTION" missed="8" covered="20"/>
        <counter type="BRANCH" missed="2" covered="4"/>
        <counter type="LINE" missed="3" covered="7"/>
        <counter type="COMPLEXITY" missed="2" covered="5"/>
        <counter type="METHOD" missed="1" covered="3"/>
        <counter type="CLASS" missed="0" covered="1"/>
    </package>
    <counter type="INSTRUCTION" missed="8" covered="20"/>
    <counter type="BRANCH" missed="2" covered="4"/>
    <counter type="LINE" missed="3" covered="7"/>
    <counter type="COMPLEXITY" missed="2" covered="5"/>
    <counter type="METHOD" missed="1" covered="3"/>
    <counter type="CLASS" missed="0" covered="1"/>
</report>

