<?xml version="1.0" encoding="UTF-8" standalone="yes"?>
<!--
 *
 *     Copyright 2015-2023 Open Text
 *
 *     The only warranties for products and services of Open Text and
 *     its affiliates and licensors ("Open Text") are as may be set forth
 *     in the express warranty statements accompanying such products and services.
 *     Nothing herein should be construed as constituting an additional warranty.
 *     Open Text shall not be liable for technical or editorial errors or
 *     omissions contained herein. The information contained herein is subject
 *     to change without notice.
 *
 *     Except as specifically indicated otherwise, this document contains
 *     confidential information and a valid license is required for possession,
 *     use or copying. If this work is provided to the U.S. Government,
 *     consistent with FAR 12.211 and 12.212, Commercial Computer Software,
 *     Computer Software Documentation, and Technical Data for Commercial Items are
 *     licensed to the U.S. Government under vendor's standard commercial license.
 *
 *     Licensed under the Apache License, Version 2.0 (the "License");
 *     you may not use this file except in compliance with the License.
 *     You may obtain a copy of the License at
 *
 *       http://www.apache.org/licenses/LICENSE-2.0
 *
 *     Unless required by applicable law or agreed to in writing, software
 *     distributed under the License is distributed on an "AS IS" BASIS,
 *     WITHOUT WARRANTIES OR CONDITIONS OF ANY KIND, either express or implied.
 *     See the License for the specific language governing permissions and
 *     limitations under the License.
 *
  -->
<!DOCTYPE report PUBLIC "-//JACOCO//DTD Report 1.1//EN" "report.dtd">
<report name="sample-project">
    <package name="com/example/app">
        <class name="com/example/app/Calculator" sourcefilename="Calculator.java">
            <method name="&lt;init&gt;" desc="()V" line="3">
                <counter type="INSTRUCTION" missed="0" covered="3"/>
                <counter type="LINE" missed="0" covered="1"/>
                <counter type="COMPLEXITY" missed="0" covered="1"/>
                <counter type="METHOD" missed="0" covered="1"/>
            </method>
            <method name="add" desc="(II)I" line="7">
                <counter type="INSTRUCTION" missed="0" covered="4"/>
                <counter type="LINE" missed="0" covered="2"/>
                <counter type="COMPLEXITY" missed="0" covered="1"/>
                <counter type="METHOD" missed="0" covered="1"/>
            </method>
            <method name="divide" desc="(II)I" line="11">
                <counter type="INSTRUCTION" missed="5" covered="6"/>
                <counter type="BRANCH" missed="1" covered="1"/>
                <counter type="LINE" missed="1" covered="3"/>
                <counter type="COMPLEXITY" missed="1" covered="1"/>
                <counter type="METHOD" missed="0" covered="1"/>
            </method>
            <counter type="INSTRUCTION" missed="5" covered="13"/>
            <counter type="BRANCH" missed="1" covered="1"/>
            <counter type="LINE" missed="1" covered="6"/>
            <counter type="COMPLEXITY" missed="1" covered="3"/>
            <counter type="METHOD" missed="0" covered="3"/>
            <counter type="CLASS" missed="0" covered="1"/>
        </class>
        <sourcefile name="Calculator.java">
            <line nr="3" mi="0" ci="3" mb="0" cb="0"/>
            <line nr="7" mi="0" ci="3" mb="0" cb="0"/>
            <line nr="8" mi="0" ci="1" mb="0" cb="0"/>
            <line nr="11" mi="0" ci="3" mb="1" cb="1"/>
            <line nr="12" mi="3" ci="0" mb="0" cb="0"/>
            <line nr="14" mi="0" ci="2" mb="0" cb="0"/>
            <line nr="15" mi="2" ci="0" mb="0" cb="0"/>
            <counter type="INSTRUCTION" missed="5" covered="13"/>
            <counter type="BRANCH" missed="1" covered="1"/>
            <counter type="LINE" missed="1" covered="6"/>
            <counter type="COMPLEXITY" missed="1" covered="3"/>
            <counter type="METHOD" missed="0" covered="3"/>
            <counter type="CLASS" missed="0" covered="1"/>
        </sourcefile>
        <counter type="INSTRUCTION" missed="5" covered="13"/>
        <counter type="BRANCH" missed="1" covered="1"/>
        <counter type="LINE" missed="1" covered="6"/>
        <counter type="COMPLEXITY" missed="1" covered="3"/>
        <counter type="METHOD" missed="0" covered="3"/>
        <counter type="CLASS" missed="0" covered="1"/>
    </package>
    <counter type="INSTRUCTION" missed="5" covered="13"/>
    <counter type="BRANCH" missed="1" covered="1"/>
    <counter type="LINE" missed="1" covered="6"/>
    <counter type="COMPLEXITY" missed="1" covered="3"/>
    <counter type="METHOD" missed="0" covered="3"/>
    <counter type="CLASS" missed="0" covered="1"/>
</report>

